<?xml version="1.0" encoding="UTF-8"?>
<!-- Generated by org.testng.reporters.JUnitReportReporter -->
<testsuite skipped="0" hostname="EPRURYAW0080" name="com.epam.olga_eremkina.testng.Test2" tests="10" failures="0" timestamp="22 May 2018 10:16:05 GMT" time="0.006" errors="0">
  <testcase name="showR" time="0.001" classname="com.epam.olga_eremkina.testng.Test2"/>
  <testcase name="showR" time="0.000" classname="com.epam.olga_eremkina.testng.Test2"/>
  <testcase name="showR" time="0.000" classname="com.epam.olga_eremkina.testng.Test2"/>
  <testcase name="showR" time="0.001" classname="com.epam.olga_eremkina.testng.Test2"/>
  <testcase name="showR" time="0.001" classname="com.epam.olga_eremkina.testng.Test2"/>
  <testcase name="showR" time="0.000" classname="com.epam.olga_eremkina.testng.Test2"/>
  <testcase name="showR" time="0.001" classname="com.epam.olga_eremkina.testng.Test2"/>
  <testcase name="showR" time="0.001" classname="com.epam.olga_eremkina.testng.Test2"/>
  <testcase name="showR" time="0.001" classname="com.epam.olga_eremkina.testng.Test2"/>
  <testcase name="showR" time="0.000" classname="com.epam.olga_eremkina.testng.Test2"/>
</testsuite> <!-- com.epam.olga_eremkina.testng.Test2 -->
