<?xml version="1.0" encoding="UTF-8"?>
<!-- Generated by org.testng.reporters.JUnitReportReporter -->
<testsuite skipped="0" hostname="EPRURYAW0080" name="com.epam.olga_eremkina.testng.CircleTest" tests="20" failures="0" timestamp="17 Jul 2018 12:52:51 GMT" time="0.025" errors="0">
  <testcase name="circleSquare" time="0.001" classname="com.epam.olga_eremkina.testng.CircleTest"/>
  <testcase name="circleSquare" time="0.001" classname="com.epam.olga_eremkina.testng.CircleTest"/>
  <testcase name="CircleLenght" time="0.001" classname="com.epam.olga_eremkina.testng.CircleTest"/>
  <testcase name="circleSquare" time="0.000" classname="com.epam.olga_eremkina.testng.CircleTest"/>
  <testcase name="CircleLenght" time="0.001" classname="com.epam.olga_eremkina.testng.CircleTest"/>
  <testcase name="circleSquare" time="0.001" classname="com.epam.olga_eremkina.testng.CircleTest"/>
  <testcase name="CircleLenght" time="0.000" classname="com.epam.olga_eremkina.testng.CircleTest"/>
  <testcase name="CircleLenght" time="0.003" classname="com.epam.olga_eremkina.testng.CircleTest"/>
  <testcase name="circleSquare" time="0.000" classname="com.epam.olga_eremkina.testng.CircleTest"/>
  <testcase name="circleSquare" time="0.000" classname="com.epam.olga_eremkina.testng.CircleTest"/>
  <testcase name="CircleLenght" time="0.001" classname="com.epam.olga_eremkina.testng.CircleTest"/>
  <testcase name="CircleLenght" time="0.002" classname="com.epam.olga_eremkina.testng.CircleTest"/>
  <testcase name="circleSquare" time="0.000" classname="com.epam.olga_eremkina.testng.CircleTest"/>
  <testcase name="CircleLenght" time="0.002" classname="com.epam.olga_eremkina.testng.CircleTest"/>
  <testcase name="CircleLenght" time="0.001" classname="com.epam.olga_eremkina.testng.CircleTest"/>
  <testcase name="circleSquare" time="0.001" classname="com.epam.olga_eremkina.testng.CircleTest"/>
  <testcase name="CircleLenght" time="0.001" classname="com.epam.olga_eremkina.testng.CircleTest"/>
  <testcase name="CircleLenght" time="0.005" classname="com.epam.olga_eremkina.testng.CircleTest"/>
  <testcase name="circleSquare" time="0.001" classname="com.epam.olga_eremkina.testng.CircleTest"/>
  <testcase name="circleSquare" time="0.003" classname="com.epam.olga_eremkina.testng.CircleTest"/>
</testsuite> <!-- com.epam.olga_eremkina.testng.CircleTest -->
